<?xml version="1.0" encoding="UTF-8"?>
<testsuite xmlns:xsi="http://www.w3.org/2001/XMLSchema-instance" xsi:noNamespaceSchemaLocation="https://maven.apache.org/surefire/maven-surefire-plugin/xsd/surefire-test-report-3.0.xsd" version="3.0" name="TestSuite" time="81.504" tests="3" errors="0" skipped="0" failures="0">
  <properties>
    <property name="gopherProxySet" value="false"/>
    <property name="awt.toolkit" value="sun.lwawt.macosx.LWCToolkit"/>
    <property name="java.specification.version" value="11"/>
    <property name="webdriver.chrome.driver" value="/Users/ankitagovind/Downloads/chromedriver"/>
    <property name="sun.cpu.isalist" value=""/>
    <property name="sun.jnu.encoding" value="UTF-8"/>
    <property name="java.class.path" value="/Users/ankitagovind/Desktop/PrashantWS/MyFramework/target/test-classes:/Users/ankitagovind/Desktop/PrashantWS/MyFramework/target/classes:/Users/ankitagovind/.m2/repository/org/testng/testng/7.1.0/testng-7.1.0.jar:/Users/ankitagovind/.m2/repository/com/beust/jcommander/1.72/jcommander-1.72.jar:/Users/ankitagovind/.m2/repository/com/google/inject/guice/4.1.0/guice-4.1.0-no_aop.jar:/Users/ankitagovind/.m2/repository/javax/inject/javax.inject/1/javax.inject-1.jar:/Users/ankitagovind/.m2/repository/aopalliance/aopalliance/1.0/aopalliance-1.0.jar:/Users/ankitagovind/.m2/repository/org/yaml/snakeyaml/1.21/snakeyaml-1.21.jar:/Users/ankitagovind/.m2/repository/org/seleniumhq/selenium/selenium-java/3.141.59/selenium-java-3.141.59.jar:/Users/ankitagovind/.m2/repository/org/seleniumhq/selenium/selenium-api/3.141.59/selenium-api-3.141.59.jar:/Users/ankitagovind/.m2/repository/org/seleniumhq/selenium/selenium-chrome-driver/3.141.59/selenium-chrome-driver-3.141.59.jar:/Users/ankitagovind/.m2/repository/org/seleniumhq/selenium/selenium-edge-driver/3.141.59/selenium-edge-driver-3.141.59.jar:/Users/ankitagovind/.m2/repository/org/seleniumhq/selenium/selenium-firefox-driver/3.141.59/selenium-firefox-driver-3.141.59.jar:/Users/ankitagovind/.m2/repository/org/seleniumhq/selenium/selenium-ie-driver/3.141.59/selenium-ie-driver-3.141.59.jar:/Users/ankitagovind/.m2/repository/org/seleniumhq/selenium/selenium-opera-driver/3.141.59/selenium-opera-driver-3.141.59.jar:/Users/ankitagovind/.m2/repository/org/seleniumhq/selenium/selenium-remote-driver/3.141.59/selenium-remote-driver-3.141.59.jar:/Users/ankitagovind/.m2/repository/org/seleniumhq/selenium/selenium-safari-driver/3.141.59/selenium-safari-driver-3.141.59.jar:/Users/ankitagovind/.m2/repository/org/seleniumhq/selenium/selenium-support/3.141.59/selenium-support-3.141.59.jar:/Users/ankitagovind/.m2/repository/net/bytebuddy/byte-buddy/1.8.15/byte-buddy-1.8.15.jar:/Users/ankitagovind/.m2/repository/org/apache/commons/commons-exec/1.3/commons-exec-1.3.jar:/Users/ankitagovind/.m2/repository/com/google/guava/guava/25.0-jre/guava-25.0-jre.jar:/Users/ankitagovind/.m2/repository/com/google/code/findbugs/jsr305/1.3.9/jsr305-1.3.9.jar:/Users/ankitagovind/.m2/repository/org/checkerframework/checker-compat-qual/2.0.0/checker-compat-qual-2.0.0.jar:/Users/ankitagovind/.m2/repository/com/google/errorprone/error_prone_annotations/2.1.3/error_prone_annotations-2.1.3.jar:/Users/ankitagovind/.m2/repository/com/google/j2objc/j2objc-annotations/1.1/j2objc-annotations-1.1.jar:/Users/ankitagovind/.m2/repository/org/codehaus/mojo/animal-sniffer-annotations/1.14/animal-sniffer-annotations-1.14.jar:/Users/ankitagovind/.m2/repository/com/squareup/okhttp3/okhttp/3.11.0/okhttp-3.11.0.jar:/Users/ankitagovind/.m2/repository/com/squareup/okio/okio/1.14.0/okio-1.14.0.jar:/Users/ankitagovind/.m2/repository/org/apache/poi/poi/3.13/poi-3.13.jar:/Users/ankitagovind/.m2/repository/commons-codec/commons-codec/1.9/commons-codec-1.9.jar:/Users/ankitagovind/.m2/repository/org/apache/logging/log4j/log4j-core/2.17.2/log4j-core-2.17.2.jar:/Users/ankitagovind/.m2/repository/org/apache/logging/log4j/log4j-api/2.17.2/log4j-api-2.17.2.jar:/Users/ankitagovind/.m2/repository/org/apache/poi/poi-ooxml/3.13/poi-ooxml-3.13.jar:/Users/ankitagovind/.m2/repository/org/apache/poi/poi-ooxml-schemas/3.13/poi-ooxml-schemas-3.13.jar:/Users/ankitagovind/.m2/repository/org/apache/xmlbeans/xmlbeans/2.6.0/xmlbeans-2.6.0.jar:/Users/ankitagovind/.m2/repository/stax/stax-api/1.0.1/stax-api-1.0.1.jar:/Users/ankitagovind/.m2/repository/com/relevantcodes/extentreports/2.41.2/extentreports-2.41.2.jar:/Users/ankitagovind/.m2/repository/org/jsoup/jsoup/1.8.3/jsoup-1.8.3.jar:/Users/ankitagovind/.m2/repository/org/xerial/sqlite-jdbc/3.8.11.1/sqlite-jdbc-3.8.11.1.jar:/Users/ankitagovind/.m2/repository/org/mongodb/mongodb-driver/3.0.4/mongodb-driver-3.0.4.jar:/Users/ankitagovind/.m2/repository/org/mongodb/bson/3.0.4/bson-3.0.4.jar:/Users/ankitagovind/.m2/repository/org/mongodb/mongodb-driver-core/3.0.4/mongodb-driver-core-3.0.4.jar:/Users/ankitagovind/.m2/repository/org/apache/commons/commons-lang3/3.8/commons-lang3-3.8.jar:/Users/ankitagovind/.m2/repository/commons-io/commons-io/2.4/commons-io-2.4.jar:/Users/ankitagovind/.m2/repository/com/aventstack/extentreports/5.0.9/extentreports-5.0.9.jar:/Users/ankitagovind/.m2/repository/io/reactivex/rxjava3/rxjava/3.0.4/rxjava-3.0.4.jar:/Users/ankitagovind/.m2/repository/org/reactivestreams/reactive-streams/1.0.3/reactive-streams-1.0.3.jar:/Users/ankitagovind/.m2/repository/org/projectlombok/lombok/1.18.12/lombok-1.18.12.jar:/Users/ankitagovind/.m2/repository/com/google/code/gson/gson/2.8.6/gson-2.8.6.jar:/Users/ankitagovind/.m2/repository/org/freemarker/freemarker/2.3.30/freemarker-2.3.30.jar:"/>
    <property name="java.vm.vendor" value="Oracle Corporation"/>
    <property name="sun.arch.data.model" value="64"/>
    <property name="java.vendor.url" value="https://openjdk.java.net/"/>
    <property name="user.timezone" value="Asia/Kolkata"/>
    <property name="java.vm.specification.version" value="11"/>
    <property name="os.name" value="Mac OS X"/>
    <property name="sun.java.launcher" value="SUN_STANDARD"/>
    <property name="user.country" value="IN"/>
    <property name="sun.boot.library.path" value="/Library/Java/JavaVirtualMachines/jdk-11.0.15.jdk/Contents/Home/lib"/>
    <property name="sun.java.command" value="/Users/ankitagovind/Desktop/PrashantWS/MyFramework/target/surefire/surefirebooter1098341024743190682.jar /Users/ankitagovind/Desktop/PrashantWS/MyFramework/target/surefire 2022-06-28T07-42-13_763-jvmRun1 surefire7371298532870519401tmp surefire_011795155829221130297tmp"/>
    <property name="http.nonProxyHosts" value="local|*.local|169.254/16|*.169.254/16"/>
    <property name="jdk.debug" value="release"/>
    <property name="surefire.test.class.path" value="/Users/ankitagovind/Desktop/PrashantWS/MyFramework/target/test-classes:/Users/ankitagovind/Desktop/PrashantWS/MyFramework/target/classes:/Users/ankitagovind/.m2/repository/org/testng/testng/7.1.0/testng-7.1.0.jar:/Users/ankitagovind/.m2/repository/com/beust/jcommander/1.72/jcommander-1.72.jar:/Users/ankitagovind/.m2/repository/com/google/inject/guice/4.1.0/guice-4.1.0-no_aop.jar:/Users/ankitagovind/.m2/repository/javax/inject/javax.inject/1/javax.inject-1.jar:/Users/ankitagovind/.m2/repository/aopalliance/aopalliance/1.0/aopalliance-1.0.jar:/Users/ankitagovind/.m2/repository/org/yaml/snakeyaml/1.21/snakeyaml-1.21.jar:/Users/ankitagovind/.m2/repository/org/seleniumhq/selenium/selenium-java/3.141.59/selenium-java-3.141.59.jar:/Users/ankitagovind/.m2/repository/org/seleniumhq/selenium/selenium-api/3.141.59/selenium-api-3.141.59.jar:/Users/ankitagovind/.m2/repository/org/seleniumhq/selenium/selenium-chrome-driver/3.141.59/selenium-chrome-driver-3.141.59.jar:/Users/ankitagovind/.m2/repository/org/seleniumhq/selenium/selenium-edge-driver/3.141.59/selenium-edge-driver-3.141.59.jar:/Users/ankitagovind/.m2/repository/org/seleniumhq/selenium/selenium-firefox-driver/3.141.59/selenium-firefox-driver-3.141.59.jar:/Users/ankitagovind/.m2/repository/org/seleniumhq/selenium/selenium-ie-driver/3.141.59/selenium-ie-driver-3.141.59.jar:/Users/ankitagovind/.m2/repository/org/seleniumhq/selenium/selenium-opera-driver/3.141.59/selenium-opera-driver-3.141.59.jar:/Users/ankitagovind/.m2/repository/org/seleniumhq/selenium/selenium-remote-driver/3.141.59/selenium-remote-driver-3.141.59.jar:/Users/ankitagovind/.m2/repository/org/seleniumhq/selenium/selenium-safari-driver/3.141.59/selenium-safari-driver-3.141.59.jar:/Users/ankitagovind/.m2/repository/org/seleniumhq/selenium/selenium-support/3.141.59/selenium-support-3.141.59.jar:/Users/ankitagovind/.m2/repository/net/bytebuddy/byte-buddy/1.8.15/byte-buddy-1.8.15.jar:/Users/ankitagovind/.m2/repository/org/apache/commons/commons-exec/1.3/commons-exec-1.3.jar:/Users/ankitagovind/.m2/repository/com/google/guava/guava/25.0-jre/guava-25.0-jre.jar:/Users/ankitagovind/.m2/repository/com/google/code/findbugs/jsr305/1.3.9/jsr305-1.3.9.jar:/Users/ankitagovind/.m2/repository/org/checkerframework/checker-compat-qual/2.0.0/checker-compat-qual-2.0.0.jar:/Users/ankitagovind/.m2/repository/com/google/errorprone/error_prone_annotations/2.1.3/error_prone_annotations-2.1.3.jar:/Users/ankitagovind/.m2/repository/com/google/j2objc/j2objc-annotations/1.1/j2objc-annotations-1.1.jar:/Users/ankitagovind/.m2/repository/org/codehaus/mojo/animal-sniffer-annotations/1.14/animal-sniffer-annotations-1.14.jar:/Users/ankitagovind/.m2/repository/com/squareup/okhttp3/okhttp/3.11.0/okhttp-3.11.0.jar:/Users/ankitagovind/.m2/repository/com/squareup/okio/okio/1.14.0/okio-1.14.0.jar:/Users/ankitagovind/.m2/repository/org/apache/poi/poi/3.13/poi-3.13.jar:/Users/ankitagovind/.m2/repository/commons-codec/commons-codec/1.9/commons-codec-1.9.jar:/Users/ankitagovind/.m2/repository/org/apache/logging/log4j/log4j-core/2.17.2/log4j-core-2.17.2.jar:/Users/ankitagovind/.m2/repository/org/apache/logging/log4j/log4j-api/2.17.2/log4j-api-2.17.2.jar:/Users/ankitagovind/.m2/repository/org/apache/poi/poi-ooxml/3.13/poi-ooxml-3.13.jar:/Users/ankitagovind/.m2/repository/org/apache/poi/poi-ooxml-schemas/3.13/poi-ooxml-schemas-3.13.jar:/Users/ankitagovind/.m2/repository/org/apache/xmlbeans/xmlbeans/2.6.0/xmlbeans-2.6.0.jar:/Users/ankitagovind/.m2/repository/stax/stax-api/1.0.1/stax-api-1.0.1.jar:/Users/ankitagovind/.m2/repository/com/relevantcodes/extentreports/2.41.2/extentreports-2.41.2.jar:/Users/ankitagovind/.m2/repository/org/jsoup/jsoup/1.8.3/jsoup-1.8.3.jar:/Users/ankitagovind/.m2/repository/org/xerial/sqlite-jdbc/3.8.11.1/sqlite-jdbc-3.8.11.1.jar:/Users/ankitagovind/.m2/repository/org/mongodb/mongodb-driver/3.0.4/mongodb-driver-3.0.4.jar:/Users/ankitagovind/.m2/repository/org/mongodb/bson/3.0.4/bson-3.0.4.jar:/Users/ankitagovind/.m2/repository/org/mongodb/mongodb-driver-core/3.0.4/mongodb-driver-core-3.0.4.jar:/Users/ankitagovind/.m2/repository/org/apache/commons/commons-lang3/3.8/commons-lang3-3.8.jar:/Users/ankitagovind/.m2/repository/commons-io/commons-io/2.4/commons-io-2.4.jar:/Users/ankitagovind/.m2/repository/com/aventstack/extentreports/5.0.9/extentreports-5.0.9.jar:/Users/ankitagovind/.m2/repository/io/reactivex/rxjava3/rxjava/3.0.4/rxjava-3.0.4.jar:/Users/ankitagovind/.m2/repository/org/reactivestreams/reactive-streams/1.0.3/reactive-streams-1.0.3.jar:/Users/ankitagovind/.m2/repository/org/projectlombok/lombok/1.18.12/lombok-1.18.12.jar:/Users/ankitagovind/.m2/repository/com/google/code/gson/gson/2.8.6/gson-2.8.6.jar:/Users/ankitagovind/.m2/repository/org/freemarker/freemarker/2.3.30/freemarker-2.3.30.jar:"/>
    <property name="sun.cpu.endian" value="little"/>
    <property name="user.home" value="/Users/ankitagovind"/>
    <property name="user.language" value="en"/>
    <property name="java.specification.vendor" value="Oracle Corporation"/>
    <property name="java.version.date" value="2022-04-19"/>
    <property name="java.home" value="/Library/Java/JavaVirtualMachines/jdk-11.0.15.jdk/Contents/Home"/>
    <property name="file.separator" value="/"/>
    <property name="basedir" value="/Users/ankitagovind/Desktop/PrashantWS/MyFramework"/>
    <property name="java.vm.compressedOopsMode" value="Zero based"/>
    <property name="line.separator" value="&#10;"/>
    <property name="java.specification.name" value="Java Platform API Specification"/>
    <property name="java.vm.specification.vendor" value="Oracle Corporation"/>
    <property name="java.awt.graphicsenv" value="sun.awt.CGraphicsEnvironment"/>
    <property name="surefire.real.class.path" value="/Users/ankitagovind/Desktop/PrashantWS/MyFramework/target/surefire/surefirebooter1098341024743190682.jar"/>
    <property name="sun.management.compiler" value="HotSpot 64-Bit Tiered Compilers"/>
    <property name="ftp.nonProxyHosts" value="local|*.local|169.254/16|*.169.254/16"/>
    <property name="java.runtime.version" value="11.0.15+8-LTS-149"/>
    <property name="user.name" value="ankitagovind"/>
    <property name="path.separator" value=":"/>
    <property name="os.version" value="12.4"/>
    <property name="java.runtime.name" value="Java(TM) SE Runtime Environment"/>
    <property name="file.encoding" value="UTF-8"/>
    <property name="java.vm.name" value="Java HotSpot(TM) 64-Bit Server VM"/>
    <property name="java.vendor.version" value="18.9"/>
    <property name="localRepository" value="/Users/ankitagovind/.m2/repository"/>
    <property name="java.vendor.url.bug" value="https://bugreport.java.com/bugreport/"/>
    <property name="java.io.tmpdir" value="/var/folders/z8/07tbygdd1s54_55x6whfz11h0000gp/T/"/>
    <property name="java.version" value="11.0.15"/>
    <property name="user.dir" value="/Users/ankitagovind/Desktop/PrashantWS/MyFramework"/>
    <property name="os.arch" value="x86_64"/>
    <property name="java.vm.specification.name" value="Java Virtual Machine Specification"/>
    <property name="java.awt.printerjob" value="sun.lwawt.macosx.CPrinterJob"/>
    <property name="sun.os.patch.level" value="unknown"/>
    <property name="java.library.path" value="/Users/ankitagovind/Library/Java/Extensions:/Library/Java/Extensions:/Network/Library/Java/Extensions:/System/Library/Java/Extensions:/usr/lib/java:."/>
    <property name="java.vendor" value="Oracle Corporation"/>
    <property name="java.vm.info" value="mixed mode"/>
    <property name="java.vm.version" value="11.0.15+8-LTS-149"/>
    <property name="sun.io.unicode.encoding" value="UnicodeBig"/>
    <property name="java.class.version" value="55.0"/>
    <property name="socksNonProxyHosts" value="local|*.local|169.254/16|*.169.254/16"/>
  </properties>
  <testcase name="login_ActiTime" classname="Common.CommonTest" time="2.044">
    <system-out><![CDATA[onTestStart=> login_ActiTime
]]></system-out>
    <system-err><![CDATA[Starting ChromeDriver 102.0.5005.61 (0e59bcc00cc4985ce39ad31c150065f159d95ad3-refs/branch-heads/5005@{#819}) on port 19072
Only local connections are allowed.
Please see https://chromedriver.chromium.org/security-considerations for suggestions on keeping ChromeDriver safe.
ChromeDriver was started successfully.
Jun 28, 2022 7:42:27 AM org.openqa.selenium.remote.ProtocolHandshake createSession
INFO: Detected dialect: W3C
]]></system-err>
  </testcase>
  <testcase name="user" classname="Users.User" time="42.512">
    <system-out><![CDATA[onTestSuccess => login_ActiTime
onTestStart=> user
2022-06-28 07:42:58.847
]]></system-out>
  </testcase>
  <testcase name="report" classname="ReportsMod.ReportCreate" time="13.008">
    <system-out><![CDATA[onTestSuccess => user
onTestStart=> report
]]></system-out>
  </testcase>
</testsuite>