<?xml version="1.0" encoding="UTF-8"?>
<!-- Generated by org.testng.reporters.JUnitReportReporter -->
<testsuite hostname="ChandraaulisAir" failures="0" tests="1" name="Common.CommonTest" time="1.968" errors="0" timestamp="2022-06-29T16:22:57 IST" skipped="0">
  <testcase classname="Common.CommonTest" name="login_ActiTime" time="1.968"/>
  <system-out/>
</testsuite> <!-- Common.CommonTest -->
