<?xml version="1.0" encoding="UTF-8"?>
<!-- Generated by org.testng.reporters.JUnitReportReporter -->
<testsuite hostname="ChandraaulisAir" failures="0" tests="1" name="ReportsMod.ReportCreate" time="12.300" errors="0" timestamp="2022-06-29T15:26:47 IST" skipped="0">
  <testcase classname="ReportsMod.ReportCreate" name="report" time="12.300"/>
  <system-out/>
</testsuite> <!-- ReportsMod.ReportCreate -->
