<?xml version="1.0" encoding="UTF-8"?>
<!-- Generated by org.testng.reporters.JUnitReportReporter -->
<testsuite hostname="ChandraaulisAir" failures="0" tests="5" name="Users.User" time="145.149" errors="0" timestamp="2022-06-29T16:22:57 IST" skipped="0">
  <testcase classname="Users.User" name="user" time="25.961"/>
  <system-out/>
  <testcase classname="Users.User" name="user" time="26.457"/>
  <system-out/>
  <testcase classname="Users.User" name="user" time="27.054"/>
  <system-out/>
  <testcase classname="Users.User" name="user" time="26.032"/>
  <system-out/>
  <testcase classname="Users.User" name="user" time="39.645"/>
  <system-out/>
</testsuite> <!-- Users.User -->
