<?xml version="1.0" encoding="UTF-8"?>
<!-- Generated by org.testng.reporters.JUnitReportReporter -->
<testsuite hostname="ChandraaulisAir" failures="0" tests="1" name="Users.User" time="42.495" errors="0" timestamp="2022-06-28T07:43:36 IST" skipped="0">
  <testcase classname="Users.User" name="user" time="42.495"/>
  <system-out/>
</testsuite> <!-- Users.User -->
