<?xml version="1.0" encoding="UTF-8"?>
<!-- Generated by org.testng.reporters.JUnitReportReporter -->
<testsuite hostname="ChandraaulisAir" failures="0" tests="1" name="Common.CommonTest" time="2.040" errors="0" timestamp="2022-06-28T07:43:36 IST" skipped="0">
  <testcase classname="Common.CommonTest" name="login_ActiTime" time="2.040"/>
  <system-out/>
</testsuite> <!-- Common.CommonTest -->
